  main.cpp
C:\Users\caoga\OneDrive - UC San Diego\Documents\PersonalProjects\2024Winter\RayTracingInOneWeekend\RayTracingInOneWeekend\vec3.h(57,39): warning C4244: 'argument': conversion from 'double' to 'float', possible loss of data
C:\Users\caoga\OneDrive - UC San Diego\Documents\PersonalProjects\2024Winter\RayTracingInOneWeekend\RayTracingInOneWeekend\vec3.h(57,34): warning C4244: 'argument': conversion from 'double' to 'float', possible loss of data
C:\Users\caoga\OneDrive - UC San Diego\Documents\PersonalProjects\2024Winter\RayTracingInOneWeekend\RayTracingInOneWeekend\vec3.h(57,63): warning C4244: 'argument': conversion from 'double' to 'float', possible loss of data
C:\Users\caoga\OneDrive - UC San Diego\Documents\PersonalProjects\2024Winter\RayTracingInOneWeekend\RayTracingInOneWeekend\vec3.h(57,58): warning C4244: 'argument': conversion from 'double' to 'float', possible loss of data
C:\Users\caoga\OneDrive - UC San Diego\Documents\PersonalProjects\2024Winter\RayTracingInOneWeekend\RayTracingInOneWeekend\vec3.h(57,87): warning C4244: 'argument': conversion from 'double' to 'float', possible loss of data
C:\Users\caoga\OneDrive - UC San Diego\Documents\PersonalProjects\2024Winter\RayTracingInOneWeekend\RayTracingInOneWeekend\vec3.h(57,82): warning C4244: 'argument': conversion from 'double' to 'float', possible loss of data
C:\Users\caoga\OneDrive - UC San Diego\Documents\PersonalProjects\2024Winter\RayTracingInOneWeekend\RayTracingInOneWeekend\color.h(17,10): warning C4244: '*=': conversion from 'double' to 'float', possible loss of data
C:\Users\caoga\OneDrive - UC San Diego\Documents\PersonalProjects\2024Winter\RayTracingInOneWeekend\RayTracingInOneWeekend\color.h(18,10): warning C4244: '*=': conversion from 'double' to 'float', possible loss of data
C:\Users\caoga\OneDrive - UC San Diego\Documents\PersonalProjects\2024Winter\RayTracingInOneWeekend\RayTracingInOneWeekend\color.h(19,10): warning C4244: '*=': conversion from 'double' to 'float', possible loss of data
C:\Users\caoga\OneDrive - UC San Diego\Documents\PersonalProjects\2024Winter\RayTracingInOneWeekend\RayTracingInOneWeekend\color.h(22,44): warning C4305: 'argument': truncation from 'double' to 'float'
C:\Users\caoga\OneDrive - UC San Diego\Documents\PersonalProjects\2024Winter\RayTracingInOneWeekend\RayTracingInOneWeekend\color.h(35,10): warning C4244: '*=': conversion from 'double' to 'float', possible loss of data
C:\Users\caoga\OneDrive - UC San Diego\Documents\PersonalProjects\2024Winter\RayTracingInOneWeekend\RayTracingInOneWeekend\color.h(36,10): warning C4244: '*=': conversion from 'double' to 'float', possible loss of data
C:\Users\caoga\OneDrive - UC San Diego\Documents\PersonalProjects\2024Winter\RayTracingInOneWeekend\RayTracingInOneWeekend\color.h(37,10): warning C4244: '*=': conversion from 'double' to 'float', possible loss of data
C:\Users\caoga\OneDrive - UC San Diego\Documents\PersonalProjects\2024Winter\RayTracingInOneWeekend\RayTracingInOneWeekend\color.h(40,44): warning C4305: 'argument': truncation from 'double' to 'float'
C:\Users\caoga\OneDrive - UC San Diego\Documents\PersonalProjects\2024Winter\RayTracingInOneWeekend\RayTracingInOneWeekend\camera.h(71,44): warning C4244: 'argument': conversion from 'int' to 'float', possible loss of data
C:\Users\caoga\OneDrive - UC San Diego\Documents\PersonalProjects\2024Winter\RayTracingInOneWeekend\RayTracingInOneWeekend\camera.h(71,66): warning C4244: 'argument': conversion from 'int' to 'float', possible loss of data
C:\Users\caoga\OneDrive - UC San Diego\Documents\PersonalProjects\2024Winter\RayTracingInOneWeekend\RayTracingInOneWeekend\camera.h(84,17): warning C4244: 'argument': conversion from 'double' to 'float', possible loss of data
C:\Users\caoga\OneDrive - UC San Diego\Documents\PersonalProjects\2024Winter\RayTracingInOneWeekend\RayTracingInOneWeekend\camera.h(84,40): warning C4244: 'argument': conversion from 'double' to 'float', possible loss of data
C:\Users\caoga\OneDrive - UC San Diego\Documents\PersonalProjects\2024Winter\RayTracingInOneWeekend\RayTracingInOneWeekend\camera.h(94,35): warning C4305: 'argument': truncation from 'double' to 'float'
C:\Users\caoga\OneDrive - UC San Diego\Documents\PersonalProjects\2024Winter\RayTracingInOneWeekend\RayTracingInOneWeekend\camera.h(101,21): warning C4244: 'argument': conversion from 'double' to 'float', possible loss of data
C:\Users\caoga\OneDrive - UC San Diego\Documents\PersonalProjects\2024Winter\RayTracingInOneWeekend\RayTracingInOneWeekend\camera.h(101,66): warning C4305: 'argument': truncation from 'double' to 'float'
C:\Users\caoga\OneDrive - UC San Diego\Documents\PersonalProjects\2024Winter\RayTracingInOneWeekend\RayTracingInOneWeekend\camera.h(101,51): warning C4244: 'argument': conversion from 'double' to 'float', possible loss of data
C:\Users\caoga\OneDrive - UC San Diego\Documents\PersonalProjects\2024Winter\RayTracingInOneWeekend\RayTracingInOneWeekend\hittable_list.h(33,42): warning C4244: '=': conversion from 'double' to 'float', possible loss of data
C:\Users\caoga\OneDrive - UC San Diego\Documents\PersonalProjects\2024Winter\RayTracingInOneWeekend\RayTracingInOneWeekend\sphere.h(23,30): warning C4244: 'argument': conversion from 'double' to 'float', possible loss of data
C:\Users\caoga\OneDrive - UC San Diego\Documents\PersonalProjects\2024Winter\RayTracingInOneWeekend\RayTracingInOneWeekend\sphere.h(25,34): warning C4244: 'argument': conversion from 'double' to 'float', possible loss of data
C:\Users\caoga\OneDrive - UC San Diego\Documents\PersonalProjects\2024Winter\RayTracingInOneWeekend\RayTracingInOneWeekend\sphere.h(30,25): warning C4244: 'argument': conversion from 'double' to 'float', possible loss of data
C:\Users\caoga\OneDrive - UC San Diego\Documents\PersonalProjects\2024Winter\RayTracingInOneWeekend\RayTracingInOneWeekend\sphere.h(31,41): warning C4244: 'argument': conversion from 'const double' to 'float', possible loss of data
C:\Users\caoga\OneDrive - UC San Diego\Documents\PersonalProjects\2024Winter\RayTracingInOneWeekend\RayTracingInOneWeekend\sphere.h(33,50): warning C4244: 'argument': conversion from 'const double' to 'float', possible loss of data
  RayTracingInOneWeekend.vcxproj -> C:\Users\caoga\OneDrive - UC San Diego\Documents\PersonalProjects\2024Winter\RayTracingInOneWeekend\x64\Debug\RayTracingInOneWeekend.exe
